Using pre-set license
Built from '2021.3/staging' branch; Version is '2021.3.8f1 (b30333d56e81) revision 11731763'; Using compiler version '192829333'; Build Type 'Release'
OS: 'Windows 10  (10.0.19044) 64bit Enterprise' Language: 'en' Physical Memory: 16313 MB
BatchMode: 1, IsHumanControllingUs: 0, StartBugReporterOnCrash: 0, Is64bit: 1, IsPro: 1

COMMAND LINE ARGUMENTS:
C:\Users\10840430\Documents\Unity 2021.3.8f1\Editor\Unity.exe
-adb2
-batchMode
-noUpm
-name
AssetImportWorker4
-projectPath
C:/Users/10840430/Documents/GitHub/Tabletop/Tabletop
-logFile
Logs/AssetImportWorker4.log
-srvPort
65355
Successfully changed project path to: C:/Users/10840430/Documents/GitHub/Tabletop/Tabletop
C:/Users/10840430/Documents/GitHub/Tabletop/Tabletop
[UnityMemory] Configuration Parameters - Can be set up in boot.config
    "memorysetup-bucket-allocator-granularity=16"
    "memorysetup-bucket-allocator-bucket-count=8"
    "memorysetup-bucket-allocator-block-size=33554432"
    "memorysetup-bucket-allocator-block-count=8"
    "memorysetup-main-allocator-block-size=16777216"
    "memorysetup-thread-allocator-block-size=16777216"
    "memorysetup-gfx-main-allocator-block-size=16777216"
    "memorysetup-gfx-thread-allocator-block-size=16777216"
    "memorysetup-cache-allocator-block-size=4194304"
    "memorysetup-typetree-allocator-block-size=2097152"
    "memorysetup-profiler-bucket-allocator-granularity=16"
    "memorysetup-profiler-bucket-allocator-bucket-count=8"
    "memorysetup-profiler-bucket-allocator-block-size=33554432"
    "memorysetup-profiler-bucket-allocator-block-count=8"
    "memorysetup-profiler-allocator-block-size=16777216"
    "memorysetup-profiler-editor-allocator-block-size=1048576"
    "memorysetup-temp-allocator-size-main=16777216"
    "memorysetup-job-temp-allocator-block-size=2097152"
    "memorysetup-job-temp-allocator-block-size-background=1048576"
    "memorysetup-job-temp-allocator-reduction-small-platforms=262144"
    "memorysetup-temp-allocator-size-background-worker=32768"
    "memorysetup-temp-allocator-size-job-worker=262144"
    "memorysetup-temp-allocator-size-preload-manager=33554432"
    "memorysetup-temp-allocator-size-nav-mesh-worker=65536"
    "memorysetup-temp-allocator-size-audio-worker=65536"
    "memorysetup-temp-allocator-size-cloud-worker=32768"
    "memorysetup-temp-allocator-size-gi-baking-worker=262144"
    "memorysetup-temp-allocator-size-gfx=262144"
Refreshing native plugins compatible for Editor in 162.48 ms, found 4 plugins.
Preloading 0 native plugins for Editor in 0.00 ms.
Initialize engine version: 2021.3.8f1 (b30333d56e81)
[Subsystems] Discovering subsystems at path C:/Users/10840430/Documents/Unity 2021.3.8f1/Editor/Data/Resources/UnitySubsystems
[Subsystems] Discovering subsystems at path C:/Users/10840430/Documents/GitHub/Tabletop/Tabletop/Assets
GfxDevice: creating device client; threaded=0; jobified=0
Direct3D:
    Version:  Direct3D 11.0 [level 11.0]
    Renderer: NVIDIA Quadro K620 (ID=0x13bb)
    Vendor:   NVIDIA
    VRAM:     2007 MB
    Driver:   27.21.14.6231
Initialize mono
Mono path[0] = 'C:/Users/10840430/Documents/Unity 2021.3.8f1/Editor/Data/Managed'
Mono path[1] = 'C:/Users/10840430/Documents/Unity 2021.3.8f1/Editor/Data/MonoBleedingEdge/lib/mono/unityjit-win32'
Mono config path = 'C:/Users/10840430/Documents/Unity 2021.3.8f1/Editor/Data/MonoBleedingEdge/etc'
Using monoOptions --debugger-agent=transport=dt_socket,embedding=1,server=y,suspend=n,address=127.0.0.1:56320
Begin MonoManager ReloadAssembly
Registering precompiled unity dll's ...
Register platform support module: C:/Users/10840430/Documents/Unity 2021.3.8f1/Editor/Data/PlaybackEngines/WindowsStandaloneSupport/UnityEditor.WindowsStandalone.Extensions.dll
Registered in 0.005159 seconds.
Native extension for WindowsStandalone target not found
Refreshing native plugins compatible for Editor in 142.15 ms, found 4 plugins.
Preloading 0 native plugins for Editor in 0.00 ms.
Mono: successfully reloaded assembly
- Completed reload, in  0.751 seconds
Domain Reload Profiling:
	ReloadAssembly (752ms)
		BeginReloadAssembly (97ms)
			ExecutionOrderSort (0ms)
			DisableScriptedObjects (0ms)
			BackupInstance (0ms)
			ReleaseScriptingObjects (0ms)
			CreateAndSetChildDomain (1ms)
		EndReloadAssembly (545ms)
			LoadAssemblies (96ms)
			RebuildTransferFunctionScriptingTraits (0ms)
			SetupTypeCache (110ms)
			ReleaseScriptCaches (0ms)
			RebuildScriptCaches (33ms)
			SetupLoadedEditorAssemblies (348ms)
				LogAssemblyErrors (0ms)
				InitializePlatformSupportModulesInManaged (7ms)
				SetLoadedEditorAssemblies (0ms)
				RefreshPlugins (142ms)
				BeforeProcessingInitializeOnLoad (2ms)
				ProcessInitializeOnLoadAttributes (150ms)
				ProcessInitializeOnLoadMethodAttributes (47ms)
				AfterProcessingInitializeOnLoad (0ms)
				EditorAssembliesLoaded (1ms)
			ExecutionOrderSort2 (0ms)
			AwakeInstancesAfterBackupRestoration (0ms)
Platform modules already initialized, skipping
Registering precompiled user dll's ...
Registered in 0.024802 seconds.
Begin MonoManager ReloadAssembly
Native extension for WindowsStandalone target not found
Refreshing native plugins compatible for Editor in 142.97 ms, found 4 plugins.
Preloading 0 native plugins for Editor in 0.00 ms.
Mono: successfully reloaded assembly
- Completed reload, in  1.553 seconds
Domain Reload Profiling:
	ReloadAssembly (1554ms)
		BeginReloadAssembly (122ms)
			ExecutionOrderSort (0ms)
			DisableScriptedObjects (7ms)
			BackupInstance (0ms)
			ReleaseScriptingObjects (0ms)
			CreateAndSetChildDomain (21ms)
		EndReloadAssembly (1310ms)
			LoadAssemblies (132ms)
			RebuildTransferFunctionScriptingTraits (0ms)
			SetupTypeCache (335ms)
			ReleaseScriptCaches (1ms)
			RebuildScriptCaches (80ms)
			SetupLoadedEditorAssemblies (726ms)
				LogAssemblyErrors (0ms)
				InitializePlatformSupportModulesInManaged (5ms)
				SetLoadedEditorAssemblies (0ms)
				RefreshPlugins (143ms)
				BeforeProcessingInitializeOnLoad (154ms)
				ProcessInitializeOnLoadAttributes (305ms)
				ProcessInitializeOnLoadMethodAttributes (114ms)
				AfterProcessingInitializeOnLoad (4ms)
				EditorAssembliesLoaded (0ms)
			ExecutionOrderSort2 (0ms)
			AwakeInstancesAfterBackupRestoration (7ms)
Platform modules already initialized, skipping
========================================================================
Worker process is ready to serve import requests
Launched and connected shader compiler UnityShaderCompiler.exe after 0.11 seconds
Refreshing native plugins compatible for Editor in 1.23 ms, found 4 plugins.
Preloading 0 native plugins for Editor in 0.00 ms.
Unloading 6585 Unused Serialized files (Serialized files now loaded: 0)
Unloading 66 unused Assets / (1.9 MB). Loaded Objects now: 7016.
Memory consumption went from 258.1 MB to 256.2 MB.
Total: 5.163100 ms (FindLiveObjects: 0.518700 ms CreateObjectMapping: 0.462200 ms MarkObjects: 3.674600 ms  DeleteObjects: 0.506900 ms)

AssetImportParameters requested are different than current active one (requested -> active):
  custom:video-decoder-ogg-theora: a1e56fd34408186e4bbccfd4996cb3dc -> 
  custom:container-muxer-webm: aa71ff27fc2769a1b78a27578f13a17b -> 
  custom:container-demuxer-webm: 4f35f7cbe854078d1ac9338744f61a02 -> 
  custom:video-encoder-webm-vp8: eb34c28f22e8b96e1ab97ce403110664 -> 
  custom:audio-encoder-webm-vorbis: bf7c407c2cedff20999df2af8eb42d56 -> 
  custom:framework-win-MediaFoundation: 216162199b28c13a410421893ffa2e32 -> 
  custom:container-demuxer-ogg: 62fdf1f143b41e24485cea50d1cbac27 -> 
  custom:video-decoder-webm-vp8: 9c59270c3fd7afecdb556c50c9e8de78 -> 
  custom:audio-decoder-ogg-vorbis: bf7c407c2cedff20999df2af8eb42d56 -> 
========================================================================
Received Import Request.
  Time since last request: 94443.577059 seconds.
  path: Assets/PIXELFPS/Textures/Book.png
  artifactKey: Guid(f6e989ce6fb97854ebb605ac94179f51) Importer(815301076,1909f56bfc062723c751e8b465ee728b)
Start importing Assets/PIXELFPS/Textures/Book.png using Guid(f6e989ce6fb97854ebb605ac94179f51) Importer(815301076,1909f56bfc062723c751e8b465ee728b)  -> (artifact id: '72d8fdbab60c2ca0b9181a306e20e8fb') in 0.172556 seconds 
========================================================================
Received Import Request.
  Time since last request: 0.000040 seconds.
  path: Assets/PIXELFPS/Textures/Crosshair.png
  artifactKey: Guid(394c9b999520bd94ab38b7c1ceb8aa30) Importer(815301076,1909f56bfc062723c751e8b465ee728b)
Start importing Assets/PIXELFPS/Textures/Crosshair.png using Guid(394c9b999520bd94ab38b7c1ceb8aa30) Importer(815301076,1909f56bfc062723c751e8b465ee728b)  -> (artifact id: '1f3ad40c3bd969e0b9a8c77cb7751c9a') in 0.024048 seconds 
========================================================================
Received Import Request.
  Time since last request: 0.000032 seconds.
  path: Assets/PIXELFPS/Textures/Side.png
  artifactKey: Guid(95db925f8e2100246b49a1ed978bf744) Importer(815301076,1909f56bfc062723c751e8b465ee728b)
Start importing Assets/PIXELFPS/Textures/Side.png using Guid(95db925f8e2100246b49a1ed978bf744) Importer(815301076,1909f56bfc062723c751e8b465ee728b)  -> (artifact id: '1d64b5f36034b8b5a1bb2e231a358b89') in 0.022281 seconds 
========================================================================
Received Import Request.
  Time since last request: 3.969019 seconds.
  path: Assets/PIXELFPS/Textures/Materials
  artifactKey: Guid(68bd197c5cb4041409917e4341435350) Importer(815301076,1909f56bfc062723c751e8b465ee728b)
Start importing Assets/PIXELFPS/Textures/Materials using Guid(68bd197c5cb4041409917e4341435350) Importer(815301076,1909f56bfc062723c751e8b465ee728b)  -> (artifact id: '67afce1d6ca9ac55cf483767c996853a') in 0.005436 seconds 
========================================================================
Received Import Request.
  Time since last request: 0.052113 seconds.
  path: Assets/PIXELFPS/Textures/Materials/Black.mat
  artifactKey: Guid(c1740a41c87ad6b45a05b576aaf43ab5) Importer(815301076,1909f56bfc062723c751e8b465ee728b)
Start importing Assets/PIXELFPS/Textures/Materials/Black.mat using Guid(c1740a41c87ad6b45a05b576aaf43ab5) Importer(815301076,1909f56bfc062723c751e8b465ee728b)  -> (artifact id: 'c98321b20fcfe8bd6e4a91c7c625c8be') in 0.224268 seconds 
========================================================================
Received Import Request.
  Time since last request: 72.568229 seconds.
  path: Assets/HD-Uno-Sheet.png
  artifactKey: Guid(c9f48f04d5db5eb4c9894d0fd2727817) Importer(815301076,1909f56bfc062723c751e8b465ee728b)
Start importing Assets/HD-Uno-Sheet.png using Guid(c9f48f04d5db5eb4c9894d0fd2727817) Importer(815301076,1909f56bfc062723c751e8b465ee728b)  -> (artifact id: '794d194263c25818872c92222042ebeb') in 0.045629 seconds 
========================================================================
Received Import Request.
  Time since last request: 8.216552 seconds.
  path: Assets/HD-Uno-Sheet.png
  artifactKey: Guid(c9f48f04d5db5eb4c9894d0fd2727817) Importer(815301076,1909f56bfc062723c751e8b465ee728b)
Start importing Assets/HD-Uno-Sheet.png using Guid(c9f48f04d5db5eb4c9894d0fd2727817) Importer(815301076,1909f56bfc062723c751e8b465ee728b)  -> (artifact id: '431c03557821859926b6be644db0b85b') in 0.019370 seconds 
========================================================================
Received Import Request.
  Time since last request: 5.081050 seconds.
  path: Assets/HD-Uno-Sheet.png
  artifactKey: Guid(c9f48f04d5db5eb4c9894d0fd2727817) Importer(815301076,1909f56bfc062723c751e8b465ee728b)
Start importing Assets/HD-Uno-Sheet.png using Guid(c9f48f04d5db5eb4c9894d0fd2727817) Importer(815301076,1909f56bfc062723c751e8b465ee728b)  -> (artifact id: 'c60314536e7d949b6035f42c8ce5738f') in 0.014682 seconds 
========================================================================
Received Import Request.
  Time since last request: 6.484734 seconds.
  path: Assets/HD-Uno-Sheet.png
  artifactKey: Guid(c9f48f04d5db5eb4c9894d0fd2727817) Importer(815301076,1909f56bfc062723c751e8b465ee728b)
Start importing Assets/HD-Uno-Sheet.png using Guid(c9f48f04d5db5eb4c9894d0fd2727817) Importer(815301076,1909f56bfc062723c751e8b465ee728b)  -> (artifact id: '35d5f9a5c6353f20832a0faa49fd49d7') in 0.016490 seconds 
========================================================================
Received Prepare
Registering precompiled user dll's ...
Registered in 0.020345 seconds.
Begin MonoManager ReloadAssembly
Native extension for WindowsStandalone target not found
Refreshing native plugins compatible for Editor in 1.24 ms, found 4 plugins.
Preloading 0 native plugins for Editor in 0.00 ms.
Mono: successfully reloaded assembly
- Completed reload, in  1.449 seconds
Domain Reload Profiling:
	ReloadAssembly (1450ms)
		BeginReloadAssembly (178ms)
			ExecutionOrderSort (0ms)
			DisableScriptedObjects (9ms)
			BackupInstance (0ms)
			ReleaseScriptingObjects (0ms)
			CreateAndSetChildDomain (55ms)
		EndReloadAssembly (1151ms)
			LoadAssemblies (139ms)
			RebuildTransferFunctionScriptingTraits (0ms)
			SetupTypeCache (349ms)
			ReleaseScriptCaches (2ms)
			RebuildScriptCaches (62ms)
			SetupLoadedEditorAssemblies (531ms)
				LogAssemblyErrors (0ms)
				InitializePlatformSupportModulesInManaged (13ms)
				SetLoadedEditorAssemblies (1ms)
				RefreshPlugins (1ms)
				BeforeProcessingInitializeOnLoad (117ms)
				ProcessInitializeOnLoadAttributes (281ms)
				ProcessInitializeOnLoadMethodAttributes (113ms)
				AfterProcessingInitializeOnLoad (4ms)
				EditorAssembliesLoaded (0ms)
			ExecutionOrderSort2 (0ms)
			AwakeInstancesAfterBackupRestoration (14ms)
Platform modules already initialized, skipping
Refreshing native plugins compatible for Editor in 3.49 ms, found 4 plugins.
Preloading 0 native plugins for Editor in 0.00 ms.
Unloading 6417 Unused Serialized files (Serialized files now loaded: 0)
Unloading 53 unused Assets / (1.9 MB). Loaded Objects now: 7111.
Memory consumption went from 252.1 MB to 250.3 MB.
Total: 6.535000 ms (FindLiveObjects: 0.589000 ms CreateObjectMapping: 0.541200 ms MarkObjects: 4.941400 ms  DeleteObjects: 0.462700 ms)

AssetImportParameters requested are different than current active one (requested -> active):
  custom:video-decoder-ogg-theora: a1e56fd34408186e4bbccfd4996cb3dc -> 
  custom:container-muxer-webm: aa71ff27fc2769a1b78a27578f13a17b -> 
  custom:container-demuxer-webm: 4f35f7cbe854078d1ac9338744f61a02 -> 
  custom:video-encoder-webm-vp8: eb34c28f22e8b96e1ab97ce403110664 -> 
  custom:audio-encoder-webm-vorbis: bf7c407c2cedff20999df2af8eb42d56 -> 
  custom:framework-win-MediaFoundation: 216162199b28c13a410421893ffa2e32 -> 
  custom:container-demuxer-ogg: 62fdf1f143b41e24485cea50d1cbac27 -> 
  custom:video-decoder-webm-vp8: 9c59270c3fd7afecdb556c50c9e8de78 -> 
  custom:audio-decoder-ogg-vorbis: bf7c407c2cedff20999df2af8eb42d56 -> 
========================================================================
Received Import Request.
  Time since last request: 183.581671 seconds.
  path: Assets/HD-Uno-Sheet.png
  artifactKey: Guid(c9f48f04d5db5eb4c9894d0fd2727817) Importer(815301076,1909f56bfc062723c751e8b465ee728b)
Start importing Assets/HD-Uno-Sheet.png using Guid(c9f48f04d5db5eb4c9894d0fd2727817) Importer(815301076,1909f56bfc062723c751e8b465ee728b)  -> (artifact id: '433cee0892b553f4c91d7844a5b05124') in 0.317389 seconds 
========================================================================
Received Import Request.
  Time since last request: 368.442564 seconds.
  path: Assets/HD-Uno-Sheet.png
  artifactKey: Guid(c9f48f04d5db5eb4c9894d0fd2727817) Importer(815301076,1909f56bfc062723c751e8b465ee728b)
Start importing Assets/HD-Uno-Sheet.png using Guid(c9f48f04d5db5eb4c9894d0fd2727817) Importer(815301076,1909f56bfc062723c751e8b465ee728b)  -> (artifact id: 'eb21f48650f33ca947f99e5dd6b142e8') in 0.246741 seconds 
========================================================================
Received Prepare
Registering precompiled user dll's ...
Registered in 0.017114 seconds.
Begin MonoManager ReloadAssembly
Native extension for WindowsStandalone target not found
Refreshing native plugins compatible for Editor in 1.54 ms, found 4 plugins.
Preloading 0 native plugins for Editor in 0.00 ms.
Mono: successfully reloaded assembly
- Completed reload, in  1.800 seconds
Domain Reload Profiling:
	ReloadAssembly (1801ms)
		BeginReloadAssembly (173ms)
			ExecutionOrderSort (0ms)
			DisableScriptedObjects (8ms)
			BackupInstance (0ms)
			ReleaseScriptingObjects (0ms)
			CreateAndSetChildDomain (55ms)
		EndReloadAssembly (1504ms)
			LoadAssemblies (153ms)
			RebuildTransferFunctionScriptingTraits (0ms)
			SetupTypeCache (429ms)
			ReleaseScriptCaches (3ms)
			RebuildScriptCaches (83ms)
			SetupLoadedEditorAssemblies (709ms)
				LogAssemblyErrors (0ms)
				InitializePlatformSupportModulesInManaged (17ms)
				SetLoadedEditorAssemblies (1ms)
				RefreshPlugins (2ms)
				BeforeProcessingInitializeOnLoad (159ms)
				ProcessInitializeOnLoadAttributes (374ms)
				ProcessInitializeOnLoadMethodAttributes (150ms)
				AfterProcessingInitializeOnLoad (6ms)
				EditorAssembliesLoaded (0ms)
			ExecutionOrderSort2 (0ms)
			AwakeInstancesAfterBackupRestoration (21ms)
Platform modules already initialized, skipping
Refreshing native plugins compatible for Editor in 4.85 ms, found 4 plugins.
Preloading 0 native plugins for Editor in 0.00 ms.
Unloading 6418 Unused Serialized files (Serialized files now loaded: 0)
Unloading 53 unused Assets / (1.9 MB). Loaded Objects now: 7116.
Memory consumption went from 252.2 MB to 250.3 MB.
Total: 7.266800 ms (FindLiveObjects: 0.599700 ms CreateObjectMapping: 0.639700 ms MarkObjects: 5.054400 ms  DeleteObjects: 0.971600 ms)

AssetImportParameters requested are different than current active one (requested -> active):
  custom:video-decoder-ogg-theora: a1e56fd34408186e4bbccfd4996cb3dc -> 
  custom:container-muxer-webm: aa71ff27fc2769a1b78a27578f13a17b -> 
  custom:container-demuxer-webm: 4f35f7cbe854078d1ac9338744f61a02 -> 
  custom:video-encoder-webm-vp8: eb34c28f22e8b96e1ab97ce403110664 -> 
  custom:audio-encoder-webm-vorbis: bf7c407c2cedff20999df2af8eb42d56 -> 
  custom:framework-win-MediaFoundation: 216162199b28c13a410421893ffa2e32 -> 
  custom:container-demuxer-ogg: 62fdf1f143b41e24485cea50d1cbac27 -> 
  custom:video-decoder-webm-vp8: 9c59270c3fd7afecdb556c50c9e8de78 -> 
  custom:audio-decoder-ogg-vorbis: bf7c407c2cedff20999df2af8eb42d56 -> 
========================================================================
Received Import Request.
  Time since last request: 74.660779 seconds.
  path: Assets
  artifactKey: Guid(00000000000000001000000000000000) Importer(815301076,1909f56bfc062723c751e8b465ee728b)
Start importing Assets using Guid(00000000000000001000000000000000) Importer(815301076,1909f56bfc062723c751e8b465ee728b)  -> (artifact id: '79842766b460edbeab6a34051e857a80') in 0.014307 seconds 
========================================================================
Received Import Request.
  Time since last request: 14.077925 seconds.
  path: Assets/Resources
  artifactKey: Guid(c1e593c43aa3ae240aedb33466a74746) Importer(815301076,1909f56bfc062723c751e8b465ee728b)
Start importing Assets/Resources using Guid(c1e593c43aa3ae240aedb33466a74746) Importer(815301076,1909f56bfc062723c751e8b465ee728b)  -> (artifact id: 'dd217131afefc417794dc8b980089dbc') in 0.004736 seconds 
========================================================================
Received Prepare
Registering precompiled user dll's ...
Registered in 0.016759 seconds.
Begin MonoManager ReloadAssembly
Native extension for WindowsStandalone target not found
Refreshing native plugins compatible for Editor in 2.37 ms, found 4 plugins.
Preloading 0 native plugins for Editor in 0.00 ms.
Mono: successfully reloaded assembly
- Completed reload, in  1.735 seconds
Domain Reload Profiling:
	ReloadAssembly (1735ms)
		BeginReloadAssembly (162ms)
			ExecutionOrderSort (0ms)
			DisableScriptedObjects (9ms)
			BackupInstance (0ms)
			ReleaseScriptingObjects (0ms)
			CreateAndSetChildDomain (52ms)
		EndReloadAssembly (1465ms)
			LoadAssemblies (149ms)
			RebuildTransferFunctionScriptingTraits (0ms)
			SetupTypeCache (461ms)
			ReleaseScriptCaches (3ms)
			RebuildScriptCaches (86ms)
			SetupLoadedEditorAssemblies (634ms)
				LogAssemblyErrors (0ms)
				InitializePlatformSupportModulesInManaged (18ms)
				SetLoadedEditorAssemblies (1ms)
				RefreshPlugins (3ms)
				BeforeProcessingInitializeOnLoad (114ms)
				ProcessInitializeOnLoadAttributes (331ms)
				ProcessInitializeOnLoadMethodAttributes (161ms)
				AfterProcessingInitializeOnLoad (6ms)
				EditorAssembliesLoaded (0ms)
			ExecutionOrderSort2 (0ms)
			AwakeInstancesAfterBackupRestoration (21ms)
Platform modules already initialized, skipping
Refreshing native plugins compatible for Editor in 5.39 ms, found 4 plugins.
Preloading 0 native plugins for Editor in 0.00 ms.
Unloading 6418 Unused Serialized files (Serialized files now loaded: 0)
Unloading 53 unused Assets / (1.9 MB). Loaded Objects now: 7119.
Memory consumption went from 252.2 MB to 250.3 MB.
Total: 6.194200 ms (FindLiveObjects: 0.649900 ms CreateObjectMapping: 0.546700 ms MarkObjects: 4.332100 ms  DeleteObjects: 0.664600 ms)

AssetImportParameters requested are different than current active one (requested -> active):
  custom:video-decoder-ogg-theora: a1e56fd34408186e4bbccfd4996cb3dc -> 
  custom:container-muxer-webm: aa71ff27fc2769a1b78a27578f13a17b -> 
  custom:container-demuxer-webm: 4f35f7cbe854078d1ac9338744f61a02 -> 
  custom:video-encoder-webm-vp8: eb34c28f22e8b96e1ab97ce403110664 -> 
  custom:audio-encoder-webm-vorbis: bf7c407c2cedff20999df2af8eb42d56 -> 
  custom:framework-win-MediaFoundation: 216162199b28c13a410421893ffa2e32 -> 
  custom:container-demuxer-ogg: 62fdf1f143b41e24485cea50d1cbac27 -> 
  custom:video-decoder-webm-vp8: 9c59270c3fd7afecdb556c50c9e8de78 -> 
  custom:audio-decoder-ogg-vorbis: bf7c407c2cedff20999df2af8eb42d56 -> 
========================================================================
Received Import Request.
  Time since last request: 150.474440 seconds.
  path: Assets/Resources/HD-Uno-Sheet.png
  artifactKey: Guid(c9f48f04d5db5eb4c9894d0fd2727817) Importer(815301076,1909f56bfc062723c751e8b465ee728b)
Start importing Assets/Resources/HD-Uno-Sheet.png using Guid(c9f48f04d5db5eb4c9894d0fd2727817) Importer(815301076,1909f56bfc062723c751e8b465ee728b)  -> (artifact id: '446304006a1d3b6bc67fccb0fa272bb7') in 0.302838 seconds 
========================================================================
Received Import Request.
  Time since last request: 12.585902 seconds.
  path: Assets/Resources/Uno-Sheet.png
  artifactKey: Guid(c9f48f04d5db5eb4c9894d0fd2727817) Importer(815301076,1909f56bfc062723c751e8b465ee728b)
Start importing Assets/Resources/Uno-Sheet.png using Guid(c9f48f04d5db5eb4c9894d0fd2727817) Importer(815301076,1909f56bfc062723c751e8b465ee728b)  -> (artifact id: '4382122b2f20443b66ea570e9f7e98bd') in 0.238449 seconds 
========================================================================
Received Prepare
Registering precompiled user dll's ...
Registered in 0.021814 seconds.
Begin MonoManager ReloadAssembly
Native extension for WindowsStandalone target not found
Refreshing native plugins compatible for Editor in 1.65 ms, found 4 plugins.
Preloading 0 native plugins for Editor in 0.00 ms.
Mono: successfully reloaded assembly
- Completed reload, in  1.748 seconds
Domain Reload Profiling:
	ReloadAssembly (1749ms)
		BeginReloadAssembly (172ms)
			ExecutionOrderSort (0ms)
			DisableScriptedObjects (6ms)
			BackupInstance (0ms)
			ReleaseScriptingObjects (0ms)
			CreateAndSetChildDomain (53ms)
		EndReloadAssembly (1463ms)
			LoadAssemblies (152ms)
			RebuildTransferFunctionScriptingTraits (0ms)
			SetupTypeCache (448ms)
			ReleaseScriptCaches (3ms)
			RebuildScriptCaches (80ms)
			SetupLoadedEditorAssemblies (669ms)
				LogAssemblyErrors (0ms)
				InitializePlatformSupportModulesInManaged (16ms)
				SetLoadedEditorAssemblies (1ms)
				RefreshPlugins (2ms)
				BeforeProcessingInitializeOnLoad (146ms)
				ProcessInitializeOnLoadAttributes (346ms)
				ProcessInitializeOnLoadMethodAttributes (151ms)
				AfterProcessingInitializeOnLoad (7ms)
				EditorAssembliesLoaded (0ms)
			ExecutionOrderSort2 (0ms)
			AwakeInstancesAfterBackupRestoration (20ms)
Platform modules already initialized, skipping
Refreshing native plugins compatible for Editor in 5.24 ms, found 4 plugins.
Preloading 0 native plugins for Editor in 0.00 ms.
Unloading 6418 Unused Serialized files (Serialized files now loaded: 0)
Unloading 53 unused Assets / (1.9 MB). Loaded Objects now: 7122.
Memory consumption went from 252.2 MB to 250.3 MB.
Total: 6.626300 ms (FindLiveObjects: 0.630000 ms CreateObjectMapping: 0.524100 ms MarkObjects: 4.697800 ms  DeleteObjects: 0.759600 ms)

AssetImportParameters requested are different than current active one (requested -> active):
  custom:video-decoder-ogg-theora: a1e56fd34408186e4bbccfd4996cb3dc -> 
  custom:container-muxer-webm: aa71ff27fc2769a1b78a27578f13a17b -> 
  custom:container-demuxer-webm: 4f35f7cbe854078d1ac9338744f61a02 -> 
  custom:video-encoder-webm-vp8: eb34c28f22e8b96e1ab97ce403110664 -> 
  custom:audio-encoder-webm-vorbis: bf7c407c2cedff20999df2af8eb42d56 -> 
  custom:framework-win-MediaFoundation: 216162199b28c13a410421893ffa2e32 -> 
  custom:container-demuxer-ogg: 62fdf1f143b41e24485cea50d1cbac27 -> 
  custom:video-decoder-webm-vp8: 9c59270c3fd7afecdb556c50c9e8de78 -> 
  custom:audio-decoder-ogg-vorbis: bf7c407c2cedff20999df2af8eb42d56 -> 
