Using pre-set license
Built from '2021.2/staging' branch; Version is '2021.2.7f1 (6bd9e232123f) revision 7068130'; Using compiler version '192829333'; Build Type 'Release'
OS: 'Windows 11  (10.0.22000) 64bit Core' Language: 'en' Physical Memory: 16309 MB
BatchMode: 1, IsHumanControllingUs: 0, StartBugReporterOnCrash: 0, Is64bit: 1, IsPro: 0

COMMAND LINE ARGUMENTS:
C:\Program Files\Unity\Hub\Editor\2021.2.7f1\Editor\Unity.exe
-adb2
-batchMode
-noUpm
-name
AssetImportWorker4
-projectPath
C:/Users/colli/Documents/Unity/Tabletop
-logFile
Logs/AssetImportWorker4.log
-srvPort
65392
Successfully changed project path to: C:/Users/colli/Documents/Unity/Tabletop
C:/Users/colli/Documents/Unity/Tabletop
[UnityMemory] Configuration Parameters - Can be set up in boot.config
    "memorysetup-bucket-allocator-granularity=16"
    "memorysetup-bucket-allocator-bucket-count=8"
    "memorysetup-bucket-allocator-block-size=33554432"
    "memorysetup-bucket-allocator-block-count=8"
    "memorysetup-main-allocator-block-size=16777216"
    "memorysetup-thread-allocator-block-size=16777216"
    "memorysetup-gfx-main-allocator-block-size=16777216"
    "memorysetup-gfx-thread-allocator-block-size=16777216"
    "memorysetup-cache-allocator-block-size=4194304"
    "memorysetup-typetree-allocator-block-size=2097152"
    "memorysetup-profiler-bucket-allocator-granularity=16"
    "memorysetup-profiler-bucket-allocator-bucket-count=8"
    "memorysetup-profiler-bucket-allocator-block-size=33554432"
    "memorysetup-profiler-bucket-allocator-block-count=8"
    "memorysetup-profiler-allocator-block-size=16777216"
    "memorysetup-profiler-editor-allocator-block-size=1048576"
    "memorysetup-temp-allocator-size-main=16777216"
    "memorysetup-job-temp-allocator-block-size=2097152"
    "memorysetup-job-temp-allocator-block-size-background=1048576"
    "memorysetup-job-temp-allocator-reduction-small-platforms=262144"
    "memorysetup-temp-allocator-size-background-worker=32768"
    "memorysetup-temp-allocator-size-job-worker=262144"
    "memorysetup-temp-allocator-size-preload-manager=33554432"
    "memorysetup-temp-allocator-size-nav-mesh-worker=65536"
    "memorysetup-temp-allocator-size-audio-worker=65536"
    "memorysetup-temp-allocator-size-cloud-worker=32768"
    "memorysetup-temp-allocator-size-gi-baking-worker=262144"
    "memorysetup-temp-allocator-size-gfx=262144"
Refreshing native plugins compatible for Editor in 134.93 ms, found 4 plugins.
Preloading 0 native plugins for Editor in 0.00 ms.
Initialize engine version: 2021.2.7f1 (6bd9e232123f)
[Subsystems] Discovering subsystems at path C:/Program Files/Unity/Hub/Editor/2021.2.7f1/Editor/Data/Resources/UnitySubsystems
[Subsystems] Discovering subsystems at path C:/Users/colli/Documents/Unity/Tabletop/Assets
GfxDevice: creating device client; threaded=0; jobified=0
Direct3D:
    Version:  Direct3D 11.0 [level 11.1]
    Renderer: NVIDIA GeForce RTX 3060 Ti (ID=0x2486)
    Vendor:   NVIDIA
    VRAM:     8050 MB
    Driver:   30.0.15.1259
Initialize mono
Mono path[0] = 'C:/Program Files/Unity/Hub/Editor/2021.2.7f1/Editor/Data/Managed'
Mono path[1] = 'C:/Program Files/Unity/Hub/Editor/2021.2.7f1/Editor/Data/MonoBleedingEdge/lib/mono/unityjit-win32'
Mono config path = 'C:/Program Files/Unity/Hub/Editor/2021.2.7f1/Editor/Data/MonoBleedingEdge/etc'
Using monoOptions --debugger-agent=transport=dt_socket,embedding=1,server=y,suspend=n,address=127.0.0.1:56524
Begin MonoManager ReloadAssembly
Registering precompiled unity dll's ...
Register platform support module: C:/Program Files/Unity/Hub/Editor/2021.2.7f1/Editor/Data/PlaybackEngines/WebGLSupport/UnityEditor.WebGL.Extensions.dll
Register platform support module: C:/Program Files/Unity/Hub/Editor/2021.2.7f1/Editor/Data/PlaybackEngines/WindowsStandaloneSupport/UnityEditor.WindowsStandalone.Extensions.dll
Registered in 0.004777 seconds.
Native extension for WindowsStandalone target not found
Native extension for WebGL target not found
Refreshing native plugins compatible for Editor in 139.00 ms, found 4 plugins.
Preloading 0 native plugins for Editor in 0.00 ms.
Mono: successfully reloaded assembly
- Completed reload, in  0.646 seconds
Domain Reload Profiling:
	ReloadAssembly (647ms)
		BeginReloadAssembly (65ms)
			ExecutionOrderSort (0ms)
			DisableScriptedObjects (0ms)
			BackupInstance (0ms)
			ReleaseScriptingObjects (0ms)
			CreateAndSetChildDomain (1ms)
		EndReloadAssembly (510ms)
			LoadAssemblies (63ms)
			RebuildTransferFunctionScriptingTraits (0ms)
			SetupTypeCache (101ms)
			ReleaseScriptCaches (0ms)
			RebuildScriptCaches (29ms)
			SetupLoadedEditorAssemblies (331ms)
				LogAssemblyErrors (0ms)
				InitializePlatformSupportModulesInManaged (15ms)
				SetLoadedEditorAssemblies (0ms)
				RefreshPlugins (139ms)
				BeforeProcessingInitializeOnLoad (1ms)
				ProcessInitializeOnLoadAttributes (133ms)
				ProcessInitializeOnLoadMethodAttributes (43ms)
				AfterProcessingInitializeOnLoad (0ms)
				EditorAssembliesLoaded (0ms)
			ExecutionOrderSort2 (0ms)
			AwakeInstancesAfterBackupRestoration (0ms)
Platform modules already initialized, skipping
Registering precompiled user dll's ...
Registered in 0.009712 seconds.
Begin MonoManager ReloadAssembly
Symbol file LoadedFromMemory doesn't match image C:\Users\colli\Documents\Unity\Tabletop\Library\PackageCache\com.unity.visualscripting@1.7.6\Editor\VisualScripting.Core\Dependencies\YamlDotNet\Unity.VisualScripting.YamlDotNet.dll
Symbol file LoadedFromMemory doesn't match image C:\Users\colli\Documents\Unity\Tabletop\Library\PackageCache\com.unity.visualscripting@1.7.6\Editor\VisualScripting.Core\Dependencies\DotNetZip\Unity.VisualScripting.IonicZip.dll
Native extension for WindowsStandalone target not found
Native extension for WebGL target not found
Refreshing native plugins compatible for Editor in 136.19 ms, found 4 plugins.
Preloading 0 native plugins for Editor in 0.00 ms.
Mono: successfully reloaded assembly
- Completed reload, in  1.779 seconds
Domain Reload Profiling:
	ReloadAssembly (1780ms)
		BeginReloadAssembly (92ms)
			ExecutionOrderSort (0ms)
			DisableScriptedObjects (5ms)
			BackupInstance (0ms)
			ReleaseScriptingObjects (0ms)
			CreateAndSetChildDomain (18ms)
		EndReloadAssembly (1599ms)
			LoadAssemblies (80ms)
			RebuildTransferFunctionScriptingTraits (0ms)
			SetupTypeCache (287ms)
			ReleaseScriptCaches (1ms)
			RebuildScriptCaches (79ms)
			SetupLoadedEditorAssemblies (1098ms)
				LogAssemblyErrors (0ms)
				InitializePlatformSupportModulesInManaged (11ms)
				SetLoadedEditorAssemblies (0ms)
				RefreshPlugins (136ms)
				BeforeProcessingInitializeOnLoad (126ms)
				ProcessInitializeOnLoadAttributes (718ms)
				ProcessInitializeOnLoadMethodAttributes (100ms)
				AfterProcessingInitializeOnLoad (6ms)
				EditorAssembliesLoaded (0ms)
			ExecutionOrderSort2 (0ms)
			AwakeInstancesAfterBackupRestoration (6ms)
Platform modules already initialized, skipping
========================================================================
Worker process is ready to serve import requests
Launched and connected shader compiler UnityShaderCompiler.exe after 0.07 seconds
Refreshing native plugins compatible for Editor in 2.22 ms, found 4 plugins.
Preloading 0 native plugins for Editor in 0.00 ms.
Unloading 6379 Unused Serialized files (Serialized files now loaded: 0)
Unloading 65 unused Assets / (1.9 MB). Loaded Objects now: 6810.
Memory consumption went from 252.7 MB to 250.8 MB.
Total: 4.969800 ms (FindLiveObjects: 0.648300 ms CreateObjectMapping: 0.181900 ms MarkObjects: 3.537400 ms  DeleteObjects: 0.601100 ms)

AssetImportParameters requested are different than current active one (requested -> active):
  custom:video-decoder-ogg-theora: a1e56fd34408186e4bbccfd4996cb3dc -> 
  custom:container-muxer-webm: aa71ff27fc2769a1b78a27578f13a17b -> 
  custom:container-demuxer-webm: 4f35f7cbe854078d1ac9338744f61a02 -> 
  custom:video-encoder-webm-vp8: eb34c28f22e8b96e1ab97ce403110664 -> 
  custom:video-codec-MediaFoundation-h265: 746d11721c4dcdbdad8f713fa42b33f4 -> 
  custom:audio-encoder-webm-vorbis: bf7c407c2cedff20999df2af8eb42d56 -> 
  custom:framework-win-MediaFoundation: 216162199b28c13a410421893ffa2e32 -> 
  custom:container-demuxer-ogg: 62fdf1f143b41e24485cea50d1cbac27 -> 
  custom:video-decoder-webm-vp8: 9c59270c3fd7afecdb556c50c9e8de78 -> 
  custom:audio-decoder-ogg-vorbis: bf7c407c2cedff20999df2af8eb42d56 -> 
========================================================================
Received Import Request.
  Time since last request: 111811.293794 seconds.
  path: Assets/Assets/Smooth.asset
  artifactKey: Guid(8ff0bd2be84ec414aa9f6638f6cd3d3d) Importer(815301076,1909f56bfc062723c751e8b465ee728b)
Start importing Assets/Assets/Smooth.asset using Guid(8ff0bd2be84ec414aa9f6638f6cd3d3d) Importer(815301076,1909f56bfc062723c751e8b465ee728b)  -> (artifact id: '9d6a8cfc9c230cfef4d310fb2b8b3977') in 0.307487 seconds 
========================================================================
Received Import Request.
  Time since last request: 653.461435 seconds.
  path: Assets/Assets/Icons.png
  artifactKey: Guid(86c0b5dae7018bf4aa1c9a91d4fbbc30) Importer(815301076,1909f56bfc062723c751e8b465ee728b)
Start importing Assets/Assets/Icons.png using Guid(86c0b5dae7018bf4aa1c9a91d4fbbc30) Importer(815301076,1909f56bfc062723c751e8b465ee728b)  -> (artifact id: 'af514f3c1f4d7e8fe3bccd83fccddca1') in 0.024497 seconds 
========================================================================
Received Import Request.
  Time since last request: 67.128097 seconds.
  path: Assets/Assets/Icons.png
  artifactKey: Guid(86c0b5dae7018bf4aa1c9a91d4fbbc30) Importer(815301076,1909f56bfc062723c751e8b465ee728b)
Start importing Assets/Assets/Icons.png using Guid(86c0b5dae7018bf4aa1c9a91d4fbbc30) Importer(815301076,1909f56bfc062723c751e8b465ee728b)  -> (artifact id: '470c5c11f7e7676dcf14e2b3e8613039') in 0.043204 seconds 
========================================================================
Received Import Request.
  Time since last request: 219.277887 seconds.
  path: Assets/Assets/TinyUnicode.asset
  artifactKey: Guid(98f040527177faa4083ac74b9e2440c9) Importer(815301076,1909f56bfc062723c751e8b465ee728b)
Start importing Assets/Assets/TinyUnicode.asset using Guid(98f040527177faa4083ac74b9e2440c9) Importer(815301076,1909f56bfc062723c751e8b465ee728b)  -> (artifact id: '1d3ca77e75dc8dd27526147e6026a15b') in 0.036082 seconds 
========================================================================
Received Import Request.
  Time since last request: 437.458898 seconds.
  path: Assets/Assets/TinyUnicode.asset
  artifactKey: Guid(98f040527177faa4083ac74b9e2440c9) Importer(815301076,1909f56bfc062723c751e8b465ee728b)
Start importing Assets/Assets/TinyUnicode.asset using Guid(98f040527177faa4083ac74b9e2440c9) Importer(815301076,1909f56bfc062723c751e8b465ee728b)  -> (artifact id: '080f8429de8af0f8d3771b3b21d64293') in 0.043728 seconds 
========================================================================
Received Prepare
Registering precompiled user dll's ...
Registered in 0.009508 seconds.
Begin MonoManager ReloadAssembly
Symbol file LoadedFromMemory doesn't match image C:\Users\colli\Documents\Unity\Tabletop\Library\PackageCache\com.unity.visualscripting@1.7.6\Editor\VisualScripting.Core\Dependencies\YamlDotNet\Unity.VisualScripting.YamlDotNet.dll
Symbol file LoadedFromMemory doesn't match image C:\Users\colli\Documents\Unity\Tabletop\Library\PackageCache\com.unity.visualscripting@1.7.6\Editor\VisualScripting.Core\Dependencies\DotNetZip\Unity.VisualScripting.IonicZip.dll
Native extension for WindowsStandalone target not found
Native extension for WebGL target not found
Refreshing native plugins compatible for Editor in 1.77 ms, found 4 plugins.
Preloading 0 native plugins for Editor in 0.00 ms.
Mono: successfully reloaded assembly
- Completed reload, in  1.795 seconds
Domain Reload Profiling:
	ReloadAssembly (1795ms)
		BeginReloadAssembly (285ms)
			ExecutionOrderSort (0ms)
			DisableScriptedObjects (18ms)
			BackupInstance (0ms)
			ReleaseScriptingObjects (0ms)
			CreateAndSetChildDomain (143ms)
		EndReloadAssembly (1396ms)
			LoadAssemblies (117ms)
			RebuildTransferFunctionScriptingTraits (0ms)
			SetupTypeCache (358ms)
			ReleaseScriptCaches (3ms)
			RebuildScriptCaches (60ms)
			SetupLoadedEditorAssemblies (670ms)
				LogAssemblyErrors (0ms)
				InitializePlatformSupportModulesInManaged (16ms)
				SetLoadedEditorAssemblies (1ms)
				RefreshPlugins (2ms)
				BeforeProcessingInitializeOnLoad (110ms)
				ProcessInitializeOnLoadAttributes (440ms)
				ProcessInitializeOnLoadMethodAttributes (95ms)
				AfterProcessingInitializeOnLoad (6ms)
				EditorAssembliesLoaded (0ms)
			ExecutionOrderSort2 (0ms)
			AwakeInstancesAfterBackupRestoration (21ms)
Platform modules already initialized, skipping
Refreshing native plugins compatible for Editor in 1.55 ms, found 4 plugins.
Preloading 0 native plugins for Editor in 0.00 ms.
Unloading 6216 Unused Serialized files (Serialized files now loaded: 0)
Unloading 51 unused Assets / (1.5 MB). Loaded Objects now: 6985.
Memory consumption went from 253.0 MB to 251.5 MB.
Total: 8.045200 ms (FindLiveObjects: 0.868800 ms CreateObjectMapping: 0.241600 ms MarkObjects: 6.281100 ms  DeleteObjects: 0.651400 ms)

AssetImportParameters requested are different than current active one (requested -> active):
  custom:video-decoder-ogg-theora: a1e56fd34408186e4bbccfd4996cb3dc -> 
  custom:container-muxer-webm: aa71ff27fc2769a1b78a27578f13a17b -> 
  custom:container-demuxer-webm: 4f35f7cbe854078d1ac9338744f61a02 -> 
  custom:video-encoder-webm-vp8: eb34c28f22e8b96e1ab97ce403110664 -> 
  custom:video-codec-MediaFoundation-h265: 746d11721c4dcdbdad8f713fa42b33f4 -> 
  custom:audio-encoder-webm-vorbis: bf7c407c2cedff20999df2af8eb42d56 -> 
  custom:framework-win-MediaFoundation: 216162199b28c13a410421893ffa2e32 -> 
  custom:container-demuxer-ogg: 62fdf1f143b41e24485cea50d1cbac27 -> 
  custom:video-decoder-webm-vp8: 9c59270c3fd7afecdb556c50c9e8de78 -> 
  custom:audio-decoder-ogg-vorbis: bf7c407c2cedff20999df2af8eb42d56 -> 
========================================================================
Received Prepare
Registering precompiled user dll's ...
Registered in 0.009609 seconds.
Begin MonoManager ReloadAssembly
Symbol file LoadedFromMemory doesn't match image C:\Users\colli\Documents\Unity\Tabletop\Library\PackageCache\com.unity.visualscripting@1.7.6\Editor\VisualScripting.Core\Dependencies\YamlDotNet\Unity.VisualScripting.YamlDotNet.dll
Symbol file LoadedFromMemory doesn't match image C:\Users\colli\Documents\Unity\Tabletop\Library\PackageCache\com.unity.visualscripting@1.7.6\Editor\VisualScripting.Core\Dependencies\DotNetZip\Unity.VisualScripting.IonicZip.dll
Native extension for WindowsStandalone target not found
Native extension for WebGL target not found
Refreshing native plugins compatible for Editor in 1.65 ms, found 4 plugins.
Preloading 0 native plugins for Editor in 0.00 ms.
Mono: successfully reloaded assembly
- Completed reload, in  1.465 seconds
Domain Reload Profiling:
	ReloadAssembly (1466ms)
		BeginReloadAssembly (151ms)
			ExecutionOrderSort (0ms)
			DisableScriptedObjects (8ms)
			BackupInstance (0ms)
			ReleaseScriptingObjects (0ms)
			CreateAndSetChildDomain (47ms)
		EndReloadAssembly (1197ms)
			LoadAssemblies (109ms)
			RebuildTransferFunctionScriptingTraits (0ms)
			SetupTypeCache (329ms)
			ReleaseScriptCaches (3ms)
			RebuildScriptCaches (60ms)
			SetupLoadedEditorAssemblies (609ms)
				LogAssemblyErrors (0ms)
				InitializePlatformSupportModulesInManaged (12ms)
				SetLoadedEditorAssemblies (0ms)
				RefreshPlugins (2ms)
				BeforeProcessingInitializeOnLoad (104ms)
				ProcessInitializeOnLoadAttributes (386ms)
				ProcessInitializeOnLoadMethodAttributes (96ms)
				AfterProcessingInitializeOnLoad (7ms)
				EditorAssembliesLoaded (0ms)
			ExecutionOrderSort2 (0ms)
			AwakeInstancesAfterBackupRestoration (23ms)
Platform modules already initialized, skipping
Refreshing native plugins compatible for Editor in 1.98 ms, found 4 plugins.
Preloading 0 native plugins for Editor in 0.00 ms.
Unloading 6203 Unused Serialized files (Serialized files now loaded: 0)
Unloading 51 unused Assets / (1.5 MB). Loaded Objects now: 6987.
Memory consumption went from 252.0 MB to 250.4 MB.
Total: 5.725400 ms (FindLiveObjects: 0.833400 ms CreateObjectMapping: 0.418100 ms MarkObjects: 4.097600 ms  DeleteObjects: 0.374400 ms)

AssetImportParameters requested are different than current active one (requested -> active):
  custom:video-decoder-ogg-theora: a1e56fd34408186e4bbccfd4996cb3dc -> 
  custom:container-muxer-webm: aa71ff27fc2769a1b78a27578f13a17b -> 
  custom:container-demuxer-webm: 4f35f7cbe854078d1ac9338744f61a02 -> 
  custom:video-encoder-webm-vp8: eb34c28f22e8b96e1ab97ce403110664 -> 
  custom:video-codec-MediaFoundation-h265: 746d11721c4dcdbdad8f713fa42b33f4 -> 
  custom:audio-encoder-webm-vorbis: bf7c407c2cedff20999df2af8eb42d56 -> 
  custom:framework-win-MediaFoundation: 216162199b28c13a410421893ffa2e32 -> 
  custom:container-demuxer-ogg: 62fdf1f143b41e24485cea50d1cbac27 -> 
  custom:video-decoder-webm-vp8: 9c59270c3fd7afecdb556c50c9e8de78 -> 
  custom:audio-decoder-ogg-vorbis: bf7c407c2cedff20999df2af8eb42d56 -> 
========================================================================
Received Prepare
Registering precompiled user dll's ...
Registered in 0.010541 seconds.
Begin MonoManager ReloadAssembly
Symbol file LoadedFromMemory doesn't match image C:\Users\colli\Documents\Unity\Tabletop\Library\PackageCache\com.unity.visualscripting@1.7.6\Editor\VisualScripting.Core\Dependencies\YamlDotNet\Unity.VisualScripting.YamlDotNet.dll
Symbol file LoadedFromMemory doesn't match image C:\Users\colli\Documents\Unity\Tabletop\Library\PackageCache\com.unity.visualscripting@1.7.6\Editor\VisualScripting.Core\Dependencies\DotNetZip\Unity.VisualScripting.IonicZip.dll
Native extension for WindowsStandalone target not found
Native extension for WebGL target not found
Refreshing native plugins compatible for Editor in 1.44 ms, found 4 plugins.
Preloading 0 native plugins for Editor in 0.00 ms.
Mono: successfully reloaded assembly
- Completed reload, in  1.484 seconds
Domain Reload Profiling:
	ReloadAssembly (1484ms)
		BeginReloadAssembly (141ms)
			ExecutionOrderSort (0ms)
			DisableScriptedObjects (8ms)
			BackupInstance (0ms)
			ReleaseScriptingObjects (0ms)
			CreateAndSetChildDomain (46ms)
		EndReloadAssembly (1240ms)
			LoadAssemblies (92ms)
			RebuildTransferFunctionScriptingTraits (0ms)
			SetupTypeCache (331ms)
			ReleaseScriptCaches (3ms)
			RebuildScriptCaches (75ms)
			SetupLoadedEditorAssemblies (622ms)
				LogAssemblyErrors (0ms)
				InitializePlatformSupportModulesInManaged (13ms)
				SetLoadedEditorAssemblies (0ms)
				RefreshPlugins (2ms)
				BeforeProcessingInitializeOnLoad (113ms)
				ProcessInitializeOnLoadAttributes (393ms)
				ProcessInitializeOnLoadMethodAttributes (94ms)
				AfterProcessingInitializeOnLoad (7ms)
				EditorAssembliesLoaded (0ms)
			ExecutionOrderSort2 (0ms)
			AwakeInstancesAfterBackupRestoration (23ms)
Platform modules already initialized, skipping
Refreshing native plugins compatible for Editor in 2.15 ms, found 4 plugins.
Preloading 0 native plugins for Editor in 0.00 ms.
Unloading 6203 Unused Serialized files (Serialized files now loaded: 0)
Unloading 51 unused Assets / (1.5 MB). Loaded Objects now: 6989.
Memory consumption went from 252.0 MB to 250.4 MB.
Total: 5.815100 ms (FindLiveObjects: 0.875400 ms CreateObjectMapping: 0.232800 ms MarkObjects: 4.267500 ms  DeleteObjects: 0.437600 ms)

AssetImportParameters requested are different than current active one (requested -> active):
  custom:video-decoder-ogg-theora: a1e56fd34408186e4bbccfd4996cb3dc -> 
  custom:container-muxer-webm: aa71ff27fc2769a1b78a27578f13a17b -> 
  custom:container-demuxer-webm: 4f35f7cbe854078d1ac9338744f61a02 -> 
  custom:video-encoder-webm-vp8: eb34c28f22e8b96e1ab97ce403110664 -> 
  custom:video-codec-MediaFoundation-h265: 746d11721c4dcdbdad8f713fa42b33f4 -> 
  custom:audio-encoder-webm-vorbis: bf7c407c2cedff20999df2af8eb42d56 -> 
  custom:framework-win-MediaFoundation: 216162199b28c13a410421893ffa2e32 -> 
  custom:container-demuxer-ogg: 62fdf1f143b41e24485cea50d1cbac27 -> 
  custom:video-decoder-webm-vp8: 9c59270c3fd7afecdb556c50c9e8de78 -> 
  custom:audio-decoder-ogg-vorbis: bf7c407c2cedff20999df2af8eb42d56 -> 
========================================================================
Received Prepare
Registering precompiled user dll's ...
Registered in 0.008694 seconds.
Begin MonoManager ReloadAssembly
Symbol file LoadedFromMemory doesn't match image C:\Users\colli\Documents\Unity\Tabletop\Library\PackageCache\com.unity.visualscripting@1.7.6\Editor\VisualScripting.Core\Dependencies\YamlDotNet\Unity.VisualScripting.YamlDotNet.dll
Symbol file LoadedFromMemory doesn't match image C:\Users\colli\Documents\Unity\Tabletop\Library\PackageCache\com.unity.visualscripting@1.7.6\Editor\VisualScripting.Core\Dependencies\DotNetZip\Unity.VisualScripting.IonicZip.dll
Native extension for WindowsStandalone target not found
Native extension for WebGL target not found
Refreshing native plugins compatible for Editor in 1.67 ms, found 4 plugins.
Preloading 0 native plugins for Editor in 0.00 ms.
Mono: successfully reloaded assembly
- Completed reload, in  1.395 seconds
Domain Reload Profiling:
	ReloadAssembly (1395ms)
		BeginReloadAssembly (141ms)
			ExecutionOrderSort (0ms)
			DisableScriptedObjects (8ms)
			BackupInstance (0ms)
			ReleaseScriptingObjects (0ms)
			CreateAndSetChildDomain (46ms)
		EndReloadAssembly (1158ms)
			LoadAssemblies (90ms)
			RebuildTransferFunctionScriptingTraits (0ms)
			SetupTypeCache (311ms)
			ReleaseScriptCaches (3ms)
			RebuildScriptCaches (63ms)
			SetupLoadedEditorAssemblies (606ms)
				LogAssemblyErrors (0ms)
				InitializePlatformSupportModulesInManaged (13ms)
				SetLoadedEditorAssemblies (0ms)
				RefreshPlugins (2ms)
				BeforeProcessingInitializeOnLoad (106ms)
				ProcessInitializeOnLoadAttributes (385ms)
				ProcessInitializeOnLoadMethodAttributes (93ms)
				AfterProcessingInitializeOnLoad (7ms)
				EditorAssembliesLoaded (0ms)
			ExecutionOrderSort2 (0ms)
			AwakeInstancesAfterBackupRestoration (21ms)
Platform modules already initialized, skipping
Refreshing native plugins compatible for Editor in 2.87 ms, found 4 plugins.
Preloading 0 native plugins for Editor in 0.00 ms.
Unloading 6203 Unused Serialized files (Serialized files now loaded: 0)
Unloading 51 unused Assets / (1.5 MB). Loaded Objects now: 6991.
Memory consumption went from 252.0 MB to 250.5 MB.
Total: 6.336100 ms (FindLiveObjects: 0.788200 ms CreateObjectMapping: 0.511300 ms MarkObjects: 4.432900 ms  DeleteObjects: 0.601300 ms)

AssetImportParameters requested are different than current active one (requested -> active):
  custom:video-decoder-ogg-theora: a1e56fd34408186e4bbccfd4996cb3dc -> 
  custom:container-muxer-webm: aa71ff27fc2769a1b78a27578f13a17b -> 
  custom:container-demuxer-webm: 4f35f7cbe854078d1ac9338744f61a02 -> 
  custom:video-encoder-webm-vp8: eb34c28f22e8b96e1ab97ce403110664 -> 
  custom:video-codec-MediaFoundation-h265: 746d11721c4dcdbdad8f713fa42b33f4 -> 
  custom:audio-encoder-webm-vorbis: bf7c407c2cedff20999df2af8eb42d56 -> 
  custom:framework-win-MediaFoundation: 216162199b28c13a410421893ffa2e32 -> 
  custom:container-demuxer-ogg: 62fdf1f143b41e24485cea50d1cbac27 -> 
  custom:video-decoder-webm-vp8: 9c59270c3fd7afecdb556c50c9e8de78 -> 
  custom:audio-decoder-ogg-vorbis: bf7c407c2cedff20999df2af8eb42d56 -> 
========================================================================
Received Import Request.
  Time since last request: 2332.757271 seconds.
  path: Assets/Prefabs/Square Button.prefab
  artifactKey: Guid(f94bbf06f7f584441b25854244e0754c) Importer(815301076,1909f56bfc062723c751e8b465ee728b)
Start importing Assets/Prefabs/Square Button.prefab using Guid(f94bbf06f7f584441b25854244e0754c) Importer(815301076,1909f56bfc062723c751e8b465ee728b)  -> (artifact id: 'e2ccd96a911f055007ded847746111c0') in 0.053295 seconds 
========================================================================
Received Import Request.
  Time since last request: 31.666690 seconds.
  path: Assets/Prefabs/Square Button.prefab
  artifactKey: Guid(f94bbf06f7f584441b25854244e0754c) Importer(815301076,1909f56bfc062723c751e8b465ee728b)
Start importing Assets/Prefabs/Square Button.prefab using Guid(f94bbf06f7f584441b25854244e0754c) Importer(815301076,1909f56bfc062723c751e8b465ee728b)  -> (artifact id: 'b16ac8a321940bea5c30f2a512058dd2') in 0.006218 seconds 
========================================================================
Received Import Request.
  Time since last request: 1.327034 seconds.
  path: Assets/Prefabs/Square Button.prefab
  artifactKey: Guid(f94bbf06f7f584441b25854244e0754c) Importer(815301076,1909f56bfc062723c751e8b465ee728b)
Start importing Assets/Prefabs/Square Button.prefab using Guid(f94bbf06f7f584441b25854244e0754c) Importer(815301076,1909f56bfc062723c751e8b465ee728b)  -> (artifact id: 'bb844837082c28e0ce14f81bf4f93c23') in 0.006681 seconds 
========================================================================
Received Import Request.
  Time since last request: 141.078488 seconds.
  path: Assets/Prefabs/Square Button.prefab
  artifactKey: Guid(f94bbf06f7f584441b25854244e0754c) Importer(815301076,1909f56bfc062723c751e8b465ee728b)
Start importing Assets/Prefabs/Square Button.prefab using Guid(f94bbf06f7f584441b25854244e0754c) Importer(815301076,1909f56bfc062723c751e8b465ee728b)  -> (artifact id: '0141b68aaadd8849913711cfc804ca53') in 0.056129 seconds 
========================================================================
Received Import Request.
  Time since last request: 5.167571 seconds.
  path: Assets/Prefabs/Square Button.prefab
  artifactKey: Guid(f94bbf06f7f584441b25854244e0754c) Importer(815301076,1909f56bfc062723c751e8b465ee728b)
Start importing Assets/Prefabs/Square Button.prefab using Guid(f94bbf06f7f584441b25854244e0754c) Importer(815301076,1909f56bfc062723c751e8b465ee728b)  -> (artifact id: 'd480544f17b74cc711c72c7c454986a5') in 0.028907 seconds 
========================================================================
Received Import Request.
  Time since last request: 6.596958 seconds.
  path: Assets/Prefabs/Square Button.prefab
  artifactKey: Guid(f94bbf06f7f584441b25854244e0754c) Importer(815301076,1909f56bfc062723c751e8b465ee728b)
Start importing Assets/Prefabs/Square Button.prefab using Guid(f94bbf06f7f584441b25854244e0754c) Importer(815301076,1909f56bfc062723c751e8b465ee728b)  -> (artifact id: '70107181436c4220b384319709e66e2e') in 0.023158 seconds 
========================================================================
Received Import Request.
  Time since last request: 4.005542 seconds.
  path: Assets/Prefabs/Square Button.prefab
  artifactKey: Guid(f94bbf06f7f584441b25854244e0754c) Importer(815301076,1909f56bfc062723c751e8b465ee728b)
Start importing Assets/Prefabs/Square Button.prefab using Guid(f94bbf06f7f584441b25854244e0754c) Importer(815301076,1909f56bfc062723c751e8b465ee728b)  -> (artifact id: '7c7ffba9abf2edc0368aa4edde589223') in 0.025506 seconds 
========================================================================
Received Import Request.
  Time since last request: 0.392948 seconds.
  path: Assets/Prefabs/Square Button.prefab
  artifactKey: Guid(f94bbf06f7f584441b25854244e0754c) Importer(815301076,1909f56bfc062723c751e8b465ee728b)
Start importing Assets/Prefabs/Square Button.prefab using Guid(f94bbf06f7f584441b25854244e0754c) Importer(815301076,1909f56bfc062723c751e8b465ee728b)  -> (artifact id: 'b1ea53556d5db38dbc6de3cd0a259650') in 0.024586 seconds 
========================================================================
Received Import Request.
  Time since last request: 3.773708 seconds.
  path: Assets/Prefabs/Square Button.prefab
  artifactKey: Guid(f94bbf06f7f584441b25854244e0754c) Importer(815301076,1909f56bfc062723c751e8b465ee728b)
Start importing Assets/Prefabs/Square Button.prefab using Guid(f94bbf06f7f584441b25854244e0754c) Importer(815301076,1909f56bfc062723c751e8b465ee728b)  -> (artifact id: '2be0c2a1e194fd34f52d92cdbc300e4a') in 0.024351 seconds 
========================================================================
Received Import Request.
  Time since last request: 2.387433 seconds.
  path: Assets/Prefabs/Square Button.prefab
  artifactKey: Guid(f94bbf06f7f584441b25854244e0754c) Importer(815301076,1909f56bfc062723c751e8b465ee728b)
Start importing Assets/Prefabs/Square Button.prefab using Guid(f94bbf06f7f584441b25854244e0754c) Importer(815301076,1909f56bfc062723c751e8b465ee728b)  -> (artifact id: 'd62710208944b0bb2b089cd7c4b464a8') in 0.024136 seconds 
========================================================================
Received Import Request.
  Time since last request: 4.803990 seconds.
  path: Assets/Prefabs/Square Button.prefab
  artifactKey: Guid(f94bbf06f7f584441b25854244e0754c) Importer(815301076,1909f56bfc062723c751e8b465ee728b)
Start importing Assets/Prefabs/Square Button.prefab using Guid(f94bbf06f7f584441b25854244e0754c) Importer(815301076,1909f56bfc062723c751e8b465ee728b)  -> (artifact id: '651830fa614dde4d01b192901ace1831') in 0.024562 seconds 
========================================================================
Received Import Request.
  Time since last request: 4.374560 seconds.
  path: Assets/Prefabs/Square Button.prefab
  artifactKey: Guid(f94bbf06f7f584441b25854244e0754c) Importer(815301076,1909f56bfc062723c751e8b465ee728b)
Start importing Assets/Prefabs/Square Button.prefab using Guid(f94bbf06f7f584441b25854244e0754c) Importer(815301076,1909f56bfc062723c751e8b465ee728b)  -> (artifact id: '9162ef66a3d2b5980ad725fa135dfa77') in 0.025876 seconds 
========================================================================
Received Import Request.
  Time since last request: 3.397846 seconds.
  path: Assets/Prefabs/Square Button.prefab
  artifactKey: Guid(f94bbf06f7f584441b25854244e0754c) Importer(815301076,1909f56bfc062723c751e8b465ee728b)
Start importing Assets/Prefabs/Square Button.prefab using Guid(f94bbf06f7f584441b25854244e0754c) Importer(815301076,1909f56bfc062723c751e8b465ee728b)  -> (artifact id: 'edb7aeb46167cfd763dc29cf633aa841') in 0.024444 seconds 
========================================================================
Received Import Request.
  Time since last request: 9.418411 seconds.
  path: Assets/Prefabs/Square Button.prefab
  artifactKey: Guid(f94bbf06f7f584441b25854244e0754c) Importer(815301076,1909f56bfc062723c751e8b465ee728b)
Start importing Assets/Prefabs/Square Button.prefab using Guid(f94bbf06f7f584441b25854244e0754c) Importer(815301076,1909f56bfc062723c751e8b465ee728b)  -> (artifact id: 'bfa6c942d9be19a7d6c66f855921b006') in 0.024651 seconds 
========================================================================
Received Import Request.
  Time since last request: 2.583775 seconds.
  path: Assets/Prefabs/Square Button.prefab
  artifactKey: Guid(f94bbf06f7f584441b25854244e0754c) Importer(815301076,1909f56bfc062723c751e8b465ee728b)
Start importing Assets/Prefabs/Square Button.prefab using Guid(f94bbf06f7f584441b25854244e0754c) Importer(815301076,1909f56bfc062723c751e8b465ee728b)  -> (artifact id: 'bd2534c9cdb184f62e13739772ad287e') in 0.024320 seconds 
========================================================================
Received Import Request.
  Time since last request: 3.794098 seconds.
  path: Assets/Prefabs/Square Button.prefab
  artifactKey: Guid(f94bbf06f7f584441b25854244e0754c) Importer(815301076,1909f56bfc062723c751e8b465ee728b)
Start importing Assets/Prefabs/Square Button.prefab using Guid(f94bbf06f7f584441b25854244e0754c) Importer(815301076,1909f56bfc062723c751e8b465ee728b)  -> (artifact id: 'f72d1bd3fa5b13cd4c44f9bda3ef56c2') in 0.026526 seconds 
========================================================================
Received Import Request.
  Time since last request: 1.979653 seconds.
  path: Assets/Prefabs/Square Button.prefab
  artifactKey: Guid(f94bbf06f7f584441b25854244e0754c) Importer(815301076,1909f56bfc062723c751e8b465ee728b)
Start importing Assets/Prefabs/Square Button.prefab using Guid(f94bbf06f7f584441b25854244e0754c) Importer(815301076,1909f56bfc062723c751e8b465ee728b)  -> (artifact id: 'e6527441474a536f213a6708502ec790') in 0.025694 seconds 
========================================================================
Received Import Request.
  Time since last request: 2.375040 seconds.
  path: Assets/Prefabs/Square Button.prefab
  artifactKey: Guid(f94bbf06f7f584441b25854244e0754c) Importer(815301076,1909f56bfc062723c751e8b465ee728b)
Start importing Assets/Prefabs/Square Button.prefab using Guid(f94bbf06f7f584441b25854244e0754c) Importer(815301076,1909f56bfc062723c751e8b465ee728b)  -> (artifact id: '4cce6dab5904cef48010ab08efec34ba') in 0.025943 seconds 
========================================================================
Received Import Request.
  Time since last request: 11.012415 seconds.
  path: Assets/Prefabs/Square Button.prefab
  artifactKey: Guid(f94bbf06f7f584441b25854244e0754c) Importer(815301076,1909f56bfc062723c751e8b465ee728b)
Start importing Assets/Prefabs/Square Button.prefab using Guid(f94bbf06f7f584441b25854244e0754c) Importer(815301076,1909f56bfc062723c751e8b465ee728b)  -> (artifact id: '11996dee1311d82a49c4daf1f2c45de1') in 0.015857 seconds 
========================================================================
Received Import Request.
  Time since last request: 1.179267 seconds.
  path: Assets/Prefabs/Square Button.prefab
  artifactKey: Guid(f94bbf06f7f584441b25854244e0754c) Importer(815301076,1909f56bfc062723c751e8b465ee728b)
Start importing Assets/Prefabs/Square Button.prefab using Guid(f94bbf06f7f584441b25854244e0754c) Importer(815301076,1909f56bfc062723c751e8b465ee728b)  -> (artifact id: '8c56e8ec434b6d903210e68d4d98d944') in 0.016899 seconds 
========================================================================
Received Import Request.
  Time since last request: 67.239455 seconds.
  path: Assets/Prefabs/Square Button.prefab
  artifactKey: Guid(f94bbf06f7f584441b25854244e0754c) Importer(815301076,1909f56bfc062723c751e8b465ee728b)
Start importing Assets/Prefabs/Square Button.prefab using Guid(f94bbf06f7f584441b25854244e0754c) Importer(815301076,1909f56bfc062723c751e8b465ee728b)  -> (artifact id: '92fe0544fc2e8d92bd8987b95c05df08') in 0.012444 seconds 
========================================================================
Received Import Request.
  Time since last request: 5.751228 seconds.
  path: Assets/Prefabs/Square Button.prefab
  artifactKey: Guid(f94bbf06f7f584441b25854244e0754c) Importer(815301076,1909f56bfc062723c751e8b465ee728b)
Start importing Assets/Prefabs/Square Button.prefab using Guid(f94bbf06f7f584441b25854244e0754c) Importer(815301076,1909f56bfc062723c751e8b465ee728b)  -> (artifact id: '2d0d546671f6d54e2495b836265fe31a') in 0.012601 seconds 
========================================================================
Received Import Request.
  Time since last request: 5.410178 seconds.
  path: Assets/Prefabs/Square Button.prefab
  artifactKey: Guid(f94bbf06f7f584441b25854244e0754c) Importer(815301076,1909f56bfc062723c751e8b465ee728b)
Start importing Assets/Prefabs/Square Button.prefab using Guid(f94bbf06f7f584441b25854244e0754c) Importer(815301076,1909f56bfc062723c751e8b465ee728b)  -> (artifact id: '8451282b9ed7f1403bb92f0a533326fb') in 0.012217 seconds 
========================================================================
Received Prepare
Registering precompiled user dll's ...
Registered in 0.009064 seconds.
Begin MonoManager ReloadAssembly
Symbol file LoadedFromMemory doesn't match image C:\Users\colli\Documents\Unity\Tabletop\Library\PackageCache\com.unity.visualscripting@1.7.6\Editor\VisualScripting.Core\Dependencies\YamlDotNet\Unity.VisualScripting.YamlDotNet.dll
Symbol file LoadedFromMemory doesn't match image C:\Users\colli\Documents\Unity\Tabletop\Library\PackageCache\com.unity.visualscripting@1.7.6\Editor\VisualScripting.Core\Dependencies\DotNetZip\Unity.VisualScripting.IonicZip.dll
Native extension for WindowsStandalone target not found
Native extension for WebGL target not found
Refreshing native plugins compatible for Editor in 1.89 ms, found 4 plugins.
Preloading 0 native plugins for Editor in 0.00 ms.
Mono: successfully reloaded assembly
- Completed reload, in  1.456 seconds
Domain Reload Profiling:
	ReloadAssembly (1457ms)
		BeginReloadAssembly (140ms)
			ExecutionOrderSort (0ms)
			DisableScriptedObjects (7ms)
			BackupInstance (0ms)
			ReleaseScriptingObjects (0ms)
			CreateAndSetChildDomain (45ms)
		EndReloadAssembly (1211ms)
			LoadAssemblies (101ms)
			RebuildTransferFunctionScriptingTraits (0ms)
			SetupTypeCache (309ms)
			ReleaseScriptCaches (2ms)
			RebuildScriptCaches (59ms)
			SetupLoadedEditorAssemblies (645ms)
				LogAssemblyErrors (0ms)
				InitializePlatformSupportModulesInManaged (15ms)
				SetLoadedEditorAssemblies (1ms)
				RefreshPlugins (2ms)
				BeforeProcessingInitializeOnLoad (142ms)
				ProcessInitializeOnLoadAttributes (387ms)
				ProcessInitializeOnLoadMethodAttributes (92ms)
				AfterProcessingInitializeOnLoad (6ms)
				EditorAssembliesLoaded (0ms)
			ExecutionOrderSort2 (0ms)
			AwakeInstancesAfterBackupRestoration (21ms)
Platform modules already initialized, skipping
Refreshing native plugins compatible for Editor in 1.94 ms, found 4 plugins.
Preloading 0 native plugins for Editor in 0.00 ms.
Unloading 6203 Unused Serialized files (Serialized files now loaded: 0)
Unloading 51 unused Assets / (1.5 MB). Loaded Objects now: 6993.
Memory consumption went from 252.0 MB to 250.4 MB.
Total: 6.063800 ms (FindLiveObjects: 0.721300 ms CreateObjectMapping: 0.165600 ms MarkObjects: 4.606600 ms  DeleteObjects: 0.568300 ms)

AssetImportParameters requested are different than current active one (requested -> active):
  custom:video-decoder-ogg-theora: a1e56fd34408186e4bbccfd4996cb3dc -> 
  custom:container-muxer-webm: aa71ff27fc2769a1b78a27578f13a17b -> 
  custom:container-demuxer-webm: 4f35f7cbe854078d1ac9338744f61a02 -> 
  custom:video-encoder-webm-vp8: eb34c28f22e8b96e1ab97ce403110664 -> 
  custom:video-codec-MediaFoundation-h265: 746d11721c4dcdbdad8f713fa42b33f4 -> 
  custom:audio-encoder-webm-vorbis: bf7c407c2cedff20999df2af8eb42d56 -> 
  custom:framework-win-MediaFoundation: 216162199b28c13a410421893ffa2e32 -> 
  custom:container-demuxer-ogg: 62fdf1f143b41e24485cea50d1cbac27 -> 
  custom:video-decoder-webm-vp8: 9c59270c3fd7afecdb556c50c9e8de78 -> 
  custom:audio-decoder-ogg-vorbis: bf7c407c2cedff20999df2af8eb42d56 -> 
